<?xml version="1.0" encoding="UTF-8"?>
<!-- Generated by org.testng.reporters.JUnitReportReporter -->
<testsuite hostname="evy" failures="0" tests="1" name="com.evy.tests.AddTaskTest" time="10.152" errors="0" timestamp="2023-01-08T18:50:10 IST" skipped="0">
  <testcase classname="com.evy.tests.AddTaskTest" name="tc_addTask" time="10.152"/>
  <system-out/>
</testsuite> <!-- com.evy.tests.AddTaskTest -->
