<?xml version="1.0" encoding="UTF-8"?>
<!-- Generated by org.testng.reporters.JUnitReportReporter -->
<testsuite hostname="evy" failures="0" tests="1" name="com.evy.tests.AddTicketTest" time="10.119" errors="0" timestamp="2023-01-08T18:50:10 IST" skipped="0">
  <testcase classname="com.evy.tests.AddTicketTest" name="tc_addTicket" time="10.119"/>
  <system-out/>
</testsuite> <!-- com.evy.tests.AddTicketTest -->
